This is ApacheBench, Version 2.0.40-dev <$Revision: 1.146 $> apache-2.0
Copyright 1996 Adam Twiss, Zeus Technology Ltd, http://www.zeustech.net/
Copyright 2006 The Apache Software Foundation, http://www.apache.org/

Benchmarking localhost (be patient)
Completed 1000 requests
Completed 2000 requests
Completed 3000 requests
Completed 4000 requests
Completed 5000 requests
Completed 6000 requests
Completed 7000 requests
Completed 8000 requests
Completed 9000 requests
Finished 10000 requests


Server Software:        Apache/2.2.3
Server Hostname:        localhost
Server Port:            8000

Document Path:          /drcp.php
Document Length:        695 bytes

Concurrency Level:      20
Time taken for tests:   7.106642 seconds
Complete requests:      10000
Failed requests:        0
Write errors:           0
Total transferred:      8870000 bytes
HTML transferred:       6950000 bytes
Requests per second:    1407.13 [#/sec] (mean)
Time per request:       14.213 [ms] (mean)
Time per request:       0.711 [ms] (mean, across all concurrent requests)
Transfer rate:          1218.86 [Kbytes/sec] received

Connection Times (ms)
              min  mean[+/-sd] median   max
Connect:        0    0   0.2      0       7
Processing:     2   13 114.2      6    4530
Waiting:        2   13 114.2      6    4530
Total:          2   13 114.2      6    4530

Percentage of the requests served within a certain time (ms)
  50%      6
  66%      8
  75%     10
  80%     12
  90%     18
  95%     27
  98%     43
  99%     70
 100%   4530 (longest request)
